2026-01-28 20:03:45 - oliveyoung_complete - INFO - ============================================================
2026-01-28 20:03:45 - oliveyoung_complete - INFO - 올리브영 베스트 랭킹 크롤링 시작
2026-01-28 20:03:45 - oliveyoung_complete - INFO - ============================================================
2026-01-28 20:03:50 - oliveyoung_complete - INFO - Chrome 드라이버 생성 중
2026-01-28 20:03:52 - oliveyoung_complete - INFO - 드라이버 생성
2026-01-28 20:03:52 - oliveyoung_complete - INFO - 
==================== 스킨케어 ====================
2026-01-28 20:03:52 - oliveyoung_complete - INFO - 페이지 접속: 스킨케어 - 페이지 1/5
2026-01-28 20:03:52 - oliveyoung_complete - INFO - URL: https://www.oliveyoung.co.kr/store/main/getBestList.do?dispCatNo=900000100100001&fltDispCatNo=10000010001&pageIdx=1&rowsPerPage=24
2026-01-28 20:04:09 - oliveyoung_complete - INFO - 선택자 '.prd_info' 사용, 100개 발견
2026-01-28 20:05:22 - oliveyoung_complete - WARNING - 상품 추출 실패: HTTPConnectionPool(host='localhost', port=64432): Max retries exceeded with url: /session/ae166450d2
2026-01-28 20:05:22 - oliveyoung_complete - WARNING - 상품 추출 실패: HTTPConnectionPool(host='localhost', port=64432): Max retries exceeded with url: /session/ae166450d2
2026-01-28 20:05:22 - oliveyoung_complete - WARNING - 상품 추출 실패: HTTPConnectionPool(host='localhost', port=64432): Max retries exceeded with url: /session/ae166450d2
2026-01-28 20:05:22 - oliveyoung_complete - WARNING - 상품 추출 실패: HTTPConnectionPool(host='localhost', port=64432): Max retries exceeded with url: /session/ae166450d2
2026-01-28 20:05:22 - oliveyoung_complete - WARNING - 상품 추출 실패: HTTPConnectionPool(host='localhost', port=64432): Max retries exceeded with url: /session/ae166450d2
2026-01-28 20:05:22 - oliveyoung_complete - WARNING - 상품 추출 실패: HTTPConnectionPool(host='localhost', port=64432): Max retries exceeded with url: /session/ae166450d2
2026-01-28 20:05:22 - oliveyoung_complete - WARNING - 상품 추출 실패: HTTPConnectionPool(host='localhost', port=64432): Max retries exceeded with url: /session/ae166450d2
2026-01-28 20:05:22 - oliveyoung_complete - WARNING - 상품 추출 실패: HTTPConnectionPool(host='localhost', port=64432): Max retries exceeded with url: /session/ae166450d2
2026-01-28 20:05:22 - oliveyoung_complete - WARNING - 상품 추출 실패: HTTPConnectionPool(host='localhost', port=64432): Max retries exceeded with url: /session/ae166450d2
2026-01-28 20:05:22 - oliveyoung_complete - WARNING - 상품 추출 실패: HTTPConnectionPool(host='localhost', port=64432): Max retries exceeded with url: /session/ae166450d2
2026-01-28 20:05:22 - oliveyoung_complete - WARNING - 상품 추출 실패: HTTPConnectionPool(host='localhost', port=64432): Max retries exceeded with url: /session/ae166450d2
2026-01-28 20:05:22 - oliveyoung_complete - WARNING - 상품 추출 실패: HTTPConnectionPool(host='localhost', port=64432): Max retries exceeded with url: /session/ae166450d2
2026-01-28 20:05:22 - oliveyoung_complete - WARNING - 상품 추출 실패: HTTPConnectionPool(host='localhost', port=64432): Max retries exceeded with url: /session/ae166450d2
2026-01-28 20:05:22 - oliveyoung_complete - WARNING - 상품 추출 실패: HTTPConnectionPool(host='localhost', port=64432): Max retries exceeded with url: /session/ae166450d2
2026-01-28 20:05:22 - oliveyoung_complete - WARNING - 상품 추출 실패: HTTPConnectionPool(host='localhost', port=64432): Max retries exceeded with url: /session/ae166450d2
2026-01-28 20:05:22 - oliveyoung_complete - WARNING - 상품 추출 실패: HTTPConnectionPool(host='localhost', port=64432): Max retries exceeded with url: /session/ae166450d2
2026-01-28 20:05:22 - oliveyoung_complete - WARNING - 상품 추출 실패: HTTPConnectionPool(host='localhost', port=64432): Max retries exceeded with url: /session/ae166450d2
2026-01-28 20:05:22 - oliveyoung_complete - WARNING - 상품 추출 실패: HTTPConnectionPool(host='localhost', port=64432): Max retries exceeded with url: /session/ae166450d2
2026-01-28 20:05:22 - oliveyoung_complete - WARNING - 상품 추출 실패: HTTPConnectionPool(host='localhost', port=64432): Max retries exceeded with url: /session/ae166450d2
2026-01-28 20:05:22 - oliveyoung_complete - WARNING - 상품 추출 실패: HTTPConnectionPool(host='localhost', port=64432): Max retries exceeded with url: /session/ae166450d2
2026-01-28 20:05:22 - oliveyoung_complete - WARNING - 상품 추출 실패: HTTPConnectionPool(host='localhost', port=64432): Max retries exceeded with url: /session/ae166450d2
2026-01-28 20:05:22 - oliveyoung_complete - WARNING - 상품 추출 실패: HTTPConnectionPool(host='localhost', port=64432): Max retries exceeded with url: /session/ae166450d2
2026-01-28 20:05:22 - oliveyoung_complete - WARNING - 상품 추출 실패: HTTPConnectionPool(host='localhost', port=64432): Max retries exceeded with url: /session/ae166450d2
2026-01-28 20:05:22 - oliveyoung_complete - WARNING - 상품 추출 실패: HTTPConnectionPool(host='localhost', port=64432): Max retries exceeded with url: /session/ae166450d2
2026-01-28 20:05:22 - oliveyoung_complete - WARNING - 상품 추출 실패: HTTPConnectionPool(host='localhost', port=64432): Max retries exceeded with url: /session/ae166450d2
2026-01-28 20:05:22 - oliveyoung_complete - WARNING - 상품 추출 실패: HTTPConnectionPool(host='localhost', port=64432): Max retries exceeded with url: /session/ae166450d2
2026-01-28 20:05:22 - oliveyoung_complete - WARNING - 상품 추출 실패: HTTPConnectionPool(host='localhost', port=64432): Max retries exceeded with url: /session/ae166450d2
2026-01-28 20:05:22 - oliveyoung_complete - WARNING - 상품 추출 실패: HTTPConnectionPool(host='localhost', port=64432): Max retries exceeded with url: /session/ae166450d2
2026-01-28 20:05:22 - oliveyoung_complete - WARNING - 상품 추출 실패: HTTPConnectionPool(host='localhost', port=64432): Max retries exceeded with url: /session/ae166450d2
2026-01-28 20:05:22 - oliveyoung_complete - WARNING - 상품 추출 실패: HTTPConnectionPool(host='localhost', port=64432): Max retries exceeded with url: /session/ae166450d2
2026-01-28 20:05:22 - oliveyoung_complete - WARNING - 상품 추출 실패: HTTPConnectionPool(host='localhost', port=64432): Max retries exceeded with url: /session/ae166450d2
2026-01-28 20:05:22 - oliveyoung_complete - WARNING - 상품 추출 실패: HTTPConnectionPool(host='localhost', port=64432): Max retries exceeded with url: /session/ae166450d2
2026-01-28 20:05:22 - oliveyoung_complete - WARNING - 상품 추출 실패: HTTPConnectionPool(host='localhost', port=64432): Max retries exceeded with url: /session/ae166450d2
2026-01-28 20:05:22 - oliveyoung_complete - WARNING - 상품 추출 실패: HTTPConnectionPool(host='localhost', port=64432): Max retries exceeded with url: /session/ae166450d2
2026-01-28 20:05:22 - oliveyoung_complete - WARNING - 상품 추출 실패: HTTPConnectionPool(host='localhost', port=64432): Max retries exceeded with url: /session/ae166450d2
2026-01-28 20:05:22 - oliveyoung_complete - WARNING - 상품 추출 실패: HTTPConnectionPool(host='localhost', port=64432): Max retries exceeded with url: /session/ae166450d2
2026-01-28 20:05:22 - oliveyoung_complete - WARNING - 상품 추출 실패: HTTPConnectionPool(host='localhost', port=64432): Max retries exceeded with url: /session/ae166450d2
2026-01-28 20:05:22 - oliveyoung_complete - WARNING - 상품 추출 실패: HTTPConnectionPool(host='localhost', port=64432): Max retries exceeded with url: /session/ae166450d2
2026-01-28 20:05:22 - oliveyoung_complete - WARNING - 상품 추출 실패: HTTPConnectionPool(host='localhost', port=64432): Max retries exceeded with url: /session/ae166450d2
2026-01-28 20:05:22 - oliveyoung_complete - WARNING - 상품 추출 실패: HTTPConnectionPool(host='localhost', port=64432): Max retries exceeded with url: /session/ae166450d2
2026-01-28 20:05:22 - oliveyoung_complete - WARNING - 상품 추출 실패: HTTPConnectionPool(host='localhost', port=64432): Max retries exceeded with url: /session/ae166450d2
2026-01-28 20:05:22 - oliveyoung_complete - WARNING - 상품 추출 실패: HTTPConnectionPool(host='localhost', port=64432): Max retries exceeded with url: /session/ae166450d2
2026-01-28 20:05:22 - oliveyoung_complete - WARNING - 상품 추출 실패: HTTPConnectionPool(host='localhost', port=64432): Max retries exceeded with url: /session/ae166450d2
2026-01-28 20:05:22 - oliveyoung_complete - WARNING - 상품 추출 실패: HTTPConnectionPool(host='localhost', port=64432): Max retries exceeded with url: /session/ae166450d2
2026-01-28 20:05:22 - oliveyoung_complete - WARNING - 상품 추출 실패: HTTPConnectionPool(host='localhost', port=64432): Max retries exceeded with url: /session/ae166450d2
2026-01-28 20:05:22 - oliveyoung_complete - WARNING - 상품 추출 실패: HTTPConnectionPool(host='localhost', port=64432): Max retries exceeded with url: /session/ae166450d2
2026-01-28 20:05:22 - oliveyoung_complete - WARNING - 상품 추출 실패: HTTPConnectionPool(host='localhost', port=64432): Max retries exceeded with url: /session/ae166450d2
2026-01-28 20:05:22 - oliveyoung_complete - WARNING - 상품 추출 실패: HTTPConnectionPool(host='localhost', port=64432): Max retries exceeded with url: /session/ae166450d2
2026-01-28 20:05:22 - oliveyoung_complete - WARNING - 상품 추출 실패: HTTPConnectionPool(host='localhost', port=64432): Max retries exceeded with url: /session/ae166450d2
2026-01-28 20:05:22 - oliveyoung_complete - WARNING - 상품 추출 실패: HTTPConnectionPool(host='localhost', port=64432): Max retries exceeded with url: /session/ae166450d2
2026-01-28 20:05:22 - oliveyoung_complete - WARNING - 상품 추출 실패: HTTPConnectionPool(host='localhost', port=64432): Max retries exceeded with url: /session/ae166450d2
2026-01-28 20:05:22 - oliveyoung_complete - WARNING - 상품 추출 실패: HTTPConnectionPool(host='localhost', port=64432): Max retries exceeded with url: /session/ae166450d2
2026-01-28 20:05:22 - oliveyoung_complete - WARNING - 상품 추출 실패: HTTPConnectionPool(host='localhost', port=64432): Max retries exceeded with url: /session/ae166450d2
2026-01-28 20:05:22 - oliveyoung_complete - WARNING - 상품 추출 실패: HTTPConnectionPool(host='localhost', port=64432): Max retries exceeded with url: /session/ae166450d2
2026-01-28 20:05:22 - oliveyoung_complete - WARNING - 상품 추출 실패: HTTPConnectionPool(host='localhost', port=64432): Max retries exceeded with url: /session/ae166450d2
2026-01-28 20:05:22 - oliveyoung_complete - WARNING - 상품 추출 실패: HTTPConnectionPool(host='localhost', port=64432): Max retries exceeded with url: /session/ae166450d2
2026-01-28 20:05:22 - oliveyoung_complete - WARNING - 상품 추출 실패: HTTPConnectionPool(host='localhost', port=64432): Max retries exceeded with url: /session/ae166450d2
2026-01-28 20:05:22 - oliveyoung_complete - WARNING - 상품 추출 실패: HTTPConnectionPool(host='localhost', port=64432): Max retries exceeded with url: /session/ae166450d2
2026-01-28 20:05:22 - oliveyoung_complete - WARNING - 상품 추출 실패: HTTPConnectionPool(host='localhost', port=64432): Max retries exceeded with url: /session/ae166450d2
2026-01-28 20:05:22 - oliveyoung_complete - WARNING - 상품 추출 실패: HTTPConnectionPool(host='localhost', port=64432): Max retries exceeded with url: /session/ae166450d2
2026-01-28 20:05:22 - oliveyoung_complete - WARNING - 상품 추출 실패: HTTPConnectionPool(host='localhost', port=64432): Max retries exceeded with url: /session/ae166450d2
2026-01-28 20:05:22 - oliveyoung_complete - WARNING - 상품 추출 실패: HTTPConnectionPool(host='localhost', port=64432): Max retries exceeded with url: /session/ae166450d2
2026-01-28 20:05:22 - oliveyoung_complete - WARNING - 상품 추출 실패: HTTPConnectionPool(host='localhost', port=64432): Max retries exceeded with url: /session/ae166450d2
2026-01-28 20:05:22 - oliveyoung_complete - WARNING - 상품 추출 실패: HTTPConnectionPool(host='localhost', port=64432): Max retries exceeded with url: /session/ae166450d2
2026-01-28 20:05:22 - oliveyoung_complete - WARNING - 상품 추출 실패: HTTPConnectionPool(host='localhost', port=64432): Max retries exceeded with url: /session/ae166450d2
2026-01-28 20:05:22 - oliveyoung_complete - WARNING - 상품 추출 실패: HTTPConnectionPool(host='localhost', port=64432): Max retries exceeded with url: /session/ae166450d2
2026-01-28 20:05:22 - oliveyoung_complete - WARNING - 상품 추출 실패: HTTPConnectionPool(host='localhost', port=64432): Max retries exceeded with url: /session/ae166450d2
2026-01-28 20:05:22 - oliveyoung_complete - WARNING - 상품 추출 실패: HTTPConnectionPool(host='localhost', port=64432): Max retries exceeded with url: /session/ae166450d2
2026-01-28 20:05:22 - oliveyoung_complete - WARNING - 상품 추출 실패: HTTPConnectionPool(host='localhost', port=64432): Max retries exceeded with url: /session/ae166450d2
2026-01-28 20:05:22 - oliveyoung_complete - WARNING - 상품 추출 실패: HTTPConnectionPool(host='localhost', port=64432): Max retries exceeded with url: /session/ae166450d2
2026-01-28 20:05:22 - oliveyoung_complete - WARNING - 상품 추출 실패: HTTPConnectionPool(host='localhost', port=64432): Max retries exceeded with url: /session/ae166450d2
2026-01-28 20:05:22 - oliveyoung_complete - WARNING - 상품 추출 실패: HTTPConnectionPool(host='localhost', port=64432): Max retries exceeded with url: /session/ae166450d2
2026-01-28 20:05:22 - oliveyoung_complete - WARNING - 상품 추출 실패: HTTPConnectionPool(host='localhost', port=64432): Max retries exceeded with url: /session/ae166450d2
2026-01-28 20:05:22 - oliveyoung_complete - WARNING - 상품 추출 실패: HTTPConnectionPool(host='localhost', port=64432): Max retries exceeded with url: /session/ae166450d2
2026-01-28 20:05:22 - oliveyoung_complete - WARNING - 상품 추출 실패: HTTPConnectionPool(host='localhost', port=64432): Max retries exceeded with url: /session/ae166450d2
2026-01-28 20:05:22 - oliveyoung_complete - WARNING - 상품 추출 실패: HTTPConnectionPool(host='localhost', port=64432): Max retries exceeded with url: /session/ae166450d2
2026-01-28 20:05:22 - oliveyoung_complete - WARNING - 상품 추출 실패: HTTPConnectionPool(host='localhost', port=64432): Max retries exceeded with url: /session/ae166450d2
2026-01-28 20:05:22 - oliveyoung_complete - WARNING - 상품 추출 실패: HTTPConnectionPool(host='localhost', port=64432): Max retries exceeded with url: /session/ae166450d2
2026-01-28 20:05:22 - oliveyoung_complete - WARNING - 상품 추출 실패: HTTPConnectionPool(host='localhost', port=64432): Max retries exceeded with url: /session/ae166450d2
2026-01-28 20:05:22 - oliveyoung_complete - WARNING - 상품 추출 실패: HTTPConnectionPool(host='localhost', port=64432): Max retries exceeded with url: /session/ae166450d2
2026-01-28 20:05:22 - oliveyoung_complete - WARNING - 상품 추출 실패: HTTPConnectionPool(host='localhost', port=64432): Max retries exceeded with url: /session/ae166450d2
2026-01-28 20:05:22 - oliveyoung_complete - WARNING - 상품 추출 실패: HTTPConnectionPool(host='localhost', port=64432): Max retries exceeded with url: /session/ae166450d2
2026-01-28 20:05:22 - oliveyoung_complete - WARNING - 상품 추출 실패: HTTPConnectionPool(host='localhost', port=64432): Max retries exceeded with url: /session/ae166450d2
2026-01-28 20:05:22 - oliveyoung_complete - WARNING - 상품 추출 실패: HTTPConnectionPool(host='localhost', port=64432): Max retries exceeded with url: /session/ae166450d2
2026-01-28 20:05:22 - oliveyoung_complete - WARNING - 상품 추출 실패: HTTPConnectionPool(host='localhost', port=64432): Max retries exceeded with url: /session/ae166450d2
2026-01-28 20:05:22 - oliveyoung_complete - WARNING - 상품 추출 실패: HTTPConnectionPool(host='localhost', port=64432): Max retries exceeded with url: /session/ae166450d2
2026-01-28 20:05:22 - oliveyoung_complete - WARNING - 상품 추출 실패: HTTPConnectionPool(host='localhost', port=64432): Max retries exceeded with url: /session/ae166450d2
2026-01-28 20:05:22 - oliveyoung_complete - WARNING - 상품 추출 실패: HTTPConnectionPool(host='localhost', port=64432): Max retries exceeded with url: /session/ae166450d2
2026-01-28 20:05:22 - oliveyoung_complete - WARNING - 상품 추출 실패: HTTPConnectionPool(host='localhost', port=64432): Max retries exceeded with url: /session/ae166450d2
2026-01-28 20:05:22 - oliveyoung_complete - WARNING - 상품 추출 실패: HTTPConnectionPool(host='localhost', port=64432): Max retries exceeded with url: /session/ae166450d2
2026-01-28 20:05:22 - oliveyoung_complete - WARNING - 상품 추출 실패: HTTPConnectionPool(host='localhost', port=64432): Max retries exceeded with url: /session/ae166450d2
2026-01-28 20:05:22 - oliveyoung_complete - WARNING - 상품 추출 실패: HTTPConnectionPool(host='localhost', port=64432): Max retries exceeded with url: /session/ae166450d2
2026-01-28 20:05:22 - oliveyoung_complete - WARNING - 상품 추출 실패: HTTPConnectionPool(host='localhost', port=64432): Max retries exceeded with url: /session/ae166450d2
2026-01-28 20:05:22 - oliveyoung_complete - WARNING - 상품 추출 실패: HTTPConnectionPool(host='localhost', port=64432): Max retries exceeded with url: /session/ae166450d2
2026-01-28 20:05:22 - oliveyoung_complete - WARNING - 상품 추출 실패: HTTPConnectionPool(host='localhost', port=64432): Max retries exceeded with url: /session/ae166450d2
2026-01-28 20:05:22 - oliveyoung_complete - WARNING - 상품 추출 실패: HTTPConnectionPool(host='localhost', port=64432): Max retries exceeded with url: /session/ae166450d2
2026-01-28 20:05:22 - oliveyoung_complete - WARNING - 상품 추출 실패: HTTPConnectionPool(host='localhost', port=64432): Max retries exceeded with url: /session/ae166450d2
2026-01-28 20:05:24 - oliveyoung_complete - INFO - 페이지 접속: 스킨케어 - 페이지 2/5
2026-01-28 20:05:24 - oliveyoung_complete - INFO - URL: https://www.oliveyoung.co.kr/store/main/getBestList.do?dispCatNo=900000100100001&fltDispCatNo=10000010001&pageIdx=2&rowsPerPage=24
2026-01-28 20:05:24 - oliveyoung_complete - ERROR - 카테고리 크롤링 오류: HTTPConnectionPool(host='localhost', port=64432): Max retries exceeded with url: /session/ae166450d21a2a608d24e977a857bc55/execute/sync (Caused by NewConnectionError('<urllib3.connection.HTTPConnection object at 0x106a22630>: Failed to establish a new connection: [Errno 61] Connection refused'))
2026-01-28 20:05:24 - oliveyoung_complete - ERROR - Traceback (most recent call last):
  File "/opt/miniconda3/envs/py_study/lib/python3.12/site-packages/urllib3/connection.py", line 198, in _new_conn
    sock = connection.create_connection(
           ^^^^^^^^^^^^^^^^^^^^^^^^^^^^^
  File "/opt/miniconda3/envs/py_study/lib/python3.12/site-packages/urllib3/util/connection.py", line 85, in create_connection
    raise err
  File "/opt/miniconda3/envs/py_study/lib/python3.12/site-packages/urllib3/util/connection.py", line 73, in create_connection
    sock.connect(sa)
ConnectionRefusedError: [Errno 61] Connection refused

The above exception was the direct cause of the following exception:

Traceback (most recent call last):
  File "/opt/miniconda3/envs/py_study/lib/python3.12/site-packages/urllib3/connectionpool.py", line 787, in urlopen
    response = self._make_request(
               ^^^^^^^^^^^^^^^^^^^
  File "/opt/miniconda3/envs/py_study/lib/python3.12/site-packages/urllib3/connectionpool.py", line 493, in _make_request
    conn.request(
  File "/opt/miniconda3/envs/py_study/lib/python3.12/site-packages/urllib3/connection.py", line 494, in request
    self.endheaders()
  File "/opt/miniconda3/envs/py_study/lib/python3.12/http/client.py", line 1331, in endheaders
    self._send_output(message_body, encode_chunked=encode_chunked)
  File "/opt/miniconda3/envs/py_study/lib/python3.12/http/client.py", line 1091, in _send_output
    self.send(msg)
  File "/opt/miniconda3/envs/py_study/lib/python3.12/http/client.py", line 1035, in send
    self.connect()
  File "/opt/miniconda3/envs/py_study/lib/python3.12/site-packages/urllib3/connection.py", line 325, in connect
    self.sock = self._new_conn()
                ^^^^^^^^^^^^^^^^
  File "/opt/miniconda3/envs/py_study/lib/python3.12/site-packages/urllib3/connection.py", line 213, in _new_conn
    raise NewConnectionError(
urllib3.exceptions.NewConnectionError: <urllib3.connection.HTTPConnection object at 0x106a22630>: Failed to establish a new connection: [Errno 61] Connection refused

The above exception was the direct cause of the following exception:

Traceback (most recent call last):
  File "/Users/yu_seok/Documents/workspace/nbCamp/Project/Why-pi/Crawling/oliveyoung.py", line 39, in crawl_oliveyoung_category
    driver.get(url)
  File "/opt/miniconda3/envs/py_study/lib/python3.12/site-packages/undetected_chromedriver/__init__.py", line 496, in get_wrapped
    if self.execute_script("return navigator.webdriver"):
       ^^^^^^^^^^^^^^^^^^^^^^^^^^^^^^^^^^^^^^^^^^^^^^^^^
  File "/opt/miniconda3/envs/py_study/lib/python3.12/site-packages/selenium/webdriver/remote/webdriver.py", line 555, in execute_script
    return self.execute(command, {"script": script, "args": converted_args})["value"]
           ^^^^^^^^^^^^^^^^^^^^^^^^^^^^^^^^^^^^^^^^^^^^^^^^^^^^^^^^^^^^^^^^^
  File "/opt/miniconda3/envs/py_study/lib/python3.12/site-packages/selenium/webdriver/remote/webdriver.py", line 455, in execute
    response = cast(RemoteConnection, self.command_executor).execute(driver_command, params)
               ^^^^^^^^^^^^^^^^^^^^^^^^^^^^^^^^^^^^^^^^^^^^^^^^^^^^^^^^^^^^^^^^^^^^^^^^^^^^^
  File "/opt/miniconda3/envs/py_study/lib/python3.12/site-packages/selenium/webdriver/remote/remote_connection.py", line 407, in execute
    return self._request(command_info[0], url, body=data)
           ^^^^^^^^^^^^^^^^^^^^^^^^^^^^^^^^^^^^^^^^^^^^^^
  File "/opt/miniconda3/envs/py_study/lib/python3.12/site-packages/selenium/webdriver/remote/remote_connection.py", line 431, in _request
    response = self._conn.request(method, url, body=body, headers=headers, timeout=self._client_config.timeout)
               ^^^^^^^^^^^^^^^^^^^^^^^^^^^^^^^^^^^^^^^^^^^^^^^^^^^^^^^^^^^^^^^^^^^^^^^^^^^^^^^^^^^^^^^^^^^^^^^^
  File "/opt/miniconda3/envs/py_study/lib/python3.12/site-packages/urllib3/_request_methods.py", line 143, in request
    return self.request_encode_body(
           ^^^^^^^^^^^^^^^^^^^^^^^^^
  File "/opt/miniconda3/envs/py_study/lib/python3.12/site-packages/urllib3/_request_methods.py", line 278, in request_encode_body
    return self.urlopen(method, url, **extra_kw)
           ^^^^^^^^^^^^^^^^^^^^^^^^^^^^^^^^^^^^^
  File "/opt/miniconda3/envs/py_study/lib/python3.12/site-packages/urllib3/poolmanager.py", line 459, in urlopen
    response = conn.urlopen(method, u.request_uri, **kw)
               ^^^^^^^^^^^^^^^^^^^^^^^^^^^^^^^^^^^^^^^^^
  File "/opt/miniconda3/envs/py_study/lib/python3.12/site-packages/urllib3/connectionpool.py", line 871, in urlopen
    return self.urlopen(
           ^^^^^^^^^^^^^
  File "/opt/miniconda3/envs/py_study/lib/python3.12/site-packages/urllib3/connectionpool.py", line 871, in urlopen
    return self.urlopen(
           ^^^^^^^^^^^^^
  File "/opt/miniconda3/envs/py_study/lib/python3.12/site-packages/urllib3/connectionpool.py", line 871, in urlopen
    return self.urlopen(
           ^^^^^^^^^^^^^
  File "/opt/miniconda3/envs/py_study/lib/python3.12/site-packages/urllib3/connectionpool.py", line 841, in urlopen
    retries = retries.increment(
              ^^^^^^^^^^^^^^^^^^
  File "/opt/miniconda3/envs/py_study/lib/python3.12/site-packages/urllib3/util/retry.py", line 519, in increment
    raise MaxRetryError(_pool, url, reason) from reason  # type: ignore[arg-type]
    ^^^^^^^^^^^^^^^^^^^^^^^^^^^^^^^^^^^^^^^^^^^^^^^^^^^
urllib3.exceptions.MaxRetryError: HTTPConnectionPool(host='localhost', port=64432): Max retries exceeded with url: /session/ae166450d21a2a608d24e977a857bc55/execute/sync (Caused by NewConnectionError('<urllib3.connection.HTTPConnection object at 0x106a22630>: Failed to establish a new connection: [Errno 61] Connection refused'))

2026-01-28 20:05:25 - oliveyoung_complete - INFO - 
데이터 저장 완료: data/oliveyoung_best_20260128.csv
2026-01-28 20:05:25 - oliveyoung_complete - INFO - 총 3개 상품 수집
2026-01-28 20:05:25 - oliveyoung_complete - INFO - 
=== 카테고리별 수집 현황 ===
2026-01-28 20:05:25 - oliveyoung_complete - INFO -   - 스킨케어: 3개
2026-01-28 20:05:25 - oliveyoung_complete - INFO - 브라우저 종료 중
2026-01-28 20:05:25 - oliveyoung_complete - INFO - 브라우저 종료
